2024.07.07 13:54:52 INFO  Started: Metals version 1.3.2 in folders 'C:\Users\USER\Downloads\SCS 2204 Functional Pragramming Practicals\Scala-Practical-04' for client Visual Studio Code 1.91.0.
SLF4J(W): Class path contains multiple SLF4J providers.
SLF4J(W): Found provider [scribe.slf4j.ScribeServiceProvider@61e9e511]
SLF4J(W): Found provider [ch.qos.logback.classic.spi.LogbackServiceProvider@6f380888]
SLF4J(W): See https://www.slf4j.org/codes.html#multiple_bindings for an explanation.
SLF4J(I): Actual provider is of type [scribe.slf4j.ScribeServiceProvider@61e9e511]
2024.07.07 13:54:52 WARN  Flyway upgrade recommended: H2 2.2.224 is newer than this version of Flyway and support has not been tested. The latest supported version of H2 is 2.2.220.
2024.07.07 13:54:54 INFO  no build target found for C:\Users\USER\Downloads\SCS 2204 Functional Pragramming Practicals\Scala-Practical-04\Q1.scala. Using presentation compiler with project's scala-library version: 3.3.3
2024.07.07 13:55:02 INFO  no build target found for C:\Users\USER\Downloads\SCS 2204 Functional Pragramming Practicals\Scala-Practical-04\Q1.scala. Using presentation compiler with project's scala-library version: 3.3.3
2024.07.07 13:55:26 INFO  no build target found for C:\Users\USER\Downloads\SCS 2204 Functional Pragramming Practicals\Scala-Practical-04\Q1.scala. Using presentation compiler with project's scala-library version: 3.3.3
2024.07.07 13:55:26 INFO  no build target found for C:\Users\USER\Downloads\SCS 2204 Functional Pragramming Practicals\Scala-Practical-04\Q1.scala. Using presentation compiler with project's scala-library version: 3.3.3
2024.07.07 13:55:26 INFO  no build target found for C:\Users\USER\Downloads\SCS 2204 Functional Pragramming Practicals\Scala-Practical-04\Q1.scala. Using presentation compiler with project's scala-library version: 3.3.3
2024.07.07 13:55:26 INFO  no build target found for C:\Users\USER\Downloads\SCS 2204 Functional Pragramming Practicals\Scala-Practical-04\Q1.scala. Using presentation compiler with project's scala-library version: 3.3.3
2024.07.07 13:55:26 INFO  no build target found for C:\Users\USER\Downloads\SCS 2204 Functional Pragramming Practicals\Scala-Practical-04\Q1.scala. Using presentation compiler with project's scala-library version: 3.3.3
2024.07.07 13:56:12 INFO  Running List(C:\Users\USER\AppData\Local\Coursier\data\bin\scala-cli.BAT, setup-ide, C:\Users\USER\Downloads\SCS 2204 Functional Pragramming Practicals\Scala-Practical-04)
2024.07.07 13:56:12 INFO  Attempting to connect to the build server...
2024.07.07 13:56:12 INFO  Running BSP server List(C:\Users\USER\AppData\Local\Coursier\data\bin\.scala-cli.aux.exe, bsp, --json-options, C:\Users\USER\Downloads\SCS 2204 Functional Pragramming Practicals\Scala-Practical-04\.scala-build\ide-options-v2.json, --json-launcher-options, C:\Users\USER\Downloads\SCS 2204 Functional Pragramming Practicals\Scala-Practical-04\.scala-build\ide-launcher-options.json, --envs-file, C:\Users\USER\Downloads\SCS 2204 Functional Pragramming Practicals\Scala-Practical-04\.scala-build\ide-envs.json, C:\Users\USER\Downloads\SCS 2204 Functional Pragramming Practicals\Scala-Practical-04)
2024.07.07 13:56:12 INFO  tracing is disabled for protocol BSP, to enable tracing of incoming and outgoing JSON messages create an empty file at C:\Users\USER\Downloads\SCS 2204 Functional Pragramming Practicals\Scala-Practical-04\.metals\bsp.trace.json or C:\Users\USER\AppData\Local\scalameta\metals\cache\bsp.trace.json
2024.07.07 13:56:19 INFO  BSP server: Starting compilation server
2024.07.07 13:56:37 INFO  time: Connected to build server in 24s
2024.07.07 13:56:37 INFO  Connected to Build server: scala-cli v1.3.2
2024.07.07 13:56:39 INFO  compiling scala-practical-04_f4dd477a3a (1 scala source)
2024.07.07 13:56:47 INFO  no build target found for C:\Users\USER\Downloads\SCS 2204 Functional Pragramming Practicals\Scala-Practical-04\Q1.scala. Using presentation compiler with project's scala-library version: 3.3.3
2024.07.07 13:56:49 INFO  no build target found for C:\Users\USER\Downloads\SCS 2204 Functional Pragramming Practicals\Scala-Practical-04\Q1.scala. Using presentation compiler with project's scala-library version: 3.3.3
2024.07.07 13:56:51 INFO  time: Imported build in 14s
2024.07.07 13:57:07 INFO  time: indexed workspace in 16s
